This is pdfTeX, Version 3.1415926-2.5-1.40.14 (TeX Live 2013/Debian) (format=pdflatex 2014.4.13)  26 APR 2014 02:12
entering extended mode
 restricted \write18 enabled.
 %&-line parsing enabled.
**title.tex
(./title.tex
LaTeX2e <2011/06/27>
Babel <3.9f> and hyphenation patterns for 9 languages loaded.

! LaTeX Error: Environment titlepage undefined.

See the LaTeX manual or LaTeX Companion for explanation.
Type  H <return>  for immediate help.
 ...                                              
                                                  
l.1 \begin{titlepage}
                     
Your command was ignored.
Type  I <command> <return>  to replace it with another command,
or  <return>  to continue without it.


! LaTeX Error: Missing \begin{document}.

See the LaTeX manual or LaTeX Companion for explanation.
Type  H <return>  for immediate help.
 ...                                              
                                                  
l.4 \begin{center}
                  
You're in trouble here.  Try typing  <return>  to proceed.
If that doesn't work, type  X <return>  to quit.


Overfull \hbox (20.0pt too wide) in paragraph at lines 4--4
[] 
 []

Missing character: There is no – in font nullfont!
Missing character: There is no § in font nullfont!
Missing character: There is no – in font nullfont!
Missing character: There is no ï in font nullfont!
Missing character: There is no – in font nullfont!
Missing character: There is no î in font nullfont!
Missing character: There is no – in font nullfont!
Missing character: There is no ï in font nullfont!
Missing character: There is no – in font nullfont!
Missing character: There is no † in font nullfont!
Missing character: There is no – in font nullfont!
Missing character: There is no ê in font nullfont!
Missing character: There is no – in font nullfont!
Missing character: There is no õ in font nullfont!
Missing character: There is no – in font nullfont!
Missing character: There is no ¨ in font nullfont!
Missing character: There is no – in font nullfont!
Missing character: There is no ù in font nullfont!
Missing character: There is no – in font nullfont!
Missing character: There is no û in font nullfont!
Missing character: There is no – in font nullfont!
Missing character: There is no ï in font nullfont!
Missing character: There is no – in font nullfont!
Missing character: There is no ê in font nullfont!
Missing character: There is no – in font nullfont!
Missing character: There is no ì in font nullfont!
Missing character: There is no – in font nullfont!
Missing character: There is no ï in font nullfont!
Missing character: There is no – in font nullfont!
Missing character: There is no ù in font nullfont!
Missing character: There is no – in font nullfont!
Missing character: There is no ¢ in font nullfont!
Missing character: There is no – in font nullfont!
Missing character: There is no ° in font nullfont!
Missing character: There is no – in font nullfont!
Missing character: There is no ¢ in font nullfont!
Missing character: There is no – in font nullfont!
Missing character: There is no í in font nullfont!
Missing character: There is no – in font nullfont!
Missing character: There is no û in font nullfont!
Missing character: There is no – in font nullfont!
Missing character: There is no ü in font nullfont!
Missing character: There is no – in font nullfont!
Missing character: There is no û in font nullfont!
Missing character: There is no – in font nullfont!
Missing character: There is no û in font nullfont!
Missing character: There is no – in font nullfont!
Missing character: There is no ë in font nullfont!
Missing character: There is no – in font nullfont!
Missing character: There is no † in font nullfont!
Missing character: There is no – in font nullfont!
Missing character: There is no ê in font nullfont!
Missing character: There is no – in font nullfont!
Missing character: There is no ó in font nullfont!
Missing character: There is no – in font nullfont!
Missing character: There is no û in font nullfont!
Missing character: There is no – in font nullfont!
Missing character: There is no í in font nullfont!
Missing character: There is no – in font nullfont!
Missing character: There is no ê in font nullfont!
Missing character: There is no – in font nullfont!
Missing character: There is no ù in font nullfont!
Missing character: There is no – in font nullfont!
Missing character: There is no ò in font nullfont!
Missing character: There is no – in font nullfont!
Missing character: There is no Æ in font nullfont!
Missing character: There is no – in font nullfont!
Missing character: There is no † in font nullfont!
Missing character: There is no – in font nullfont!
Missing character: There is no § in font nullfont!
Missing character: There is no – in font nullfont!
Missing character: There is no ü in font nullfont!
Missing character: There is no — in font nullfont!
Missing character: There is no Ä in font nullfont!
Missing character: There is no – in font nullfont!
Missing character: There is no ∞ in font nullfont!
Missing character: There is no – in font nullfont!
Missing character: There is no ≤ in font nullfont!
Missing character: There is no – in font nullfont!
Missing character: There is no æ in font nullfont!
Missing character: There is no — in font nullfont!
Missing character: There is no Å in font nullfont!
Missing character: There is no – in font nullfont!
Missing character: There is no ª in font nullfont!
Missing character: There is no – in font nullfont!
Missing character: There is no ∞ in font nullfont!
Missing character: There is no – in font nullfont!
Missing character: There is no ≤ in font nullfont!
Missing character: There is no – in font nullfont!
Missing character: There is no Ω in font nullfont!
Missing character: There is no — in font nullfont!
Missing character: There is no ã in font nullfont!
Missing character: There is no – in font nullfont!
Missing character: There is no π in font nullfont!
Missing character: There is no – in font nullfont!
Missing character: There is no ° in font nullfont!
Missing character: There is no – in font nullfont!
Missing character: There is no ≤ in font nullfont!
Missing character: There is no — in font nullfont!
Missing character: There is no è in font nullfont!
Missing character: There is no — in font nullfont!
Missing character: There is no Ç in font nullfont!
Missing character: There is no – in font nullfont!
Missing character: There is no æ in font nullfont!
Missing character: There is no - in font nullfont!
Missing character: There is no – in font nullfont!
Missing character: There is no ¢ in font nullfont!
Missing character: There is no – in font nullfont!
Missing character: There is no ∏ in font nullfont!
Missing character: There is no — in font nullfont!
Missing character: There is no Ö in font nullfont!
Missing character: There is no – in font nullfont!
Missing character: There is no æ in font nullfont!
Missing character: There is no – in font nullfont!
Missing character: There is no Ω in font nullfont!
Missing character: There is no – in font nullfont!
Missing character: There is no æ in font nullfont!
Missing character: There is no – in font nullfont!
Missing character: There is no ≤ in font nullfont!
Missing character: There is no — in font nullfont!
Missing character: There is no Å in font nullfont!
Missing character: There is no – in font nullfont!
Missing character: There is no ∫ in font nullfont!
Missing character: There is no – in font nullfont!
Missing character: There is no ∏ in font nullfont!
Missing character: There is no – in font nullfont!
Missing character: There is no π in font nullfont!
Missing character: There is no – in font nullfont!
Missing character: There is no ≥ in font nullfont!
Missing character: There is no — in font nullfont!
Missing character: There is no É in font nullfont!
Missing character: There is no – in font nullfont!
Missing character: There is no º in font nullfont!
Missing character: There is no – in font nullfont!
Missing character: There is no ∞ in font nullfont!
Missing character: There is no – in font nullfont!
Missing character: There is no Ω in font nullfont!
Missing character: There is no – in font nullfont!
Missing character: There is no ∏ in font nullfont!
Missing character: There is no — in font nullfont!
Missing character: There is no Ç in font nullfont!
Missing character: There is no – in font nullfont!
Missing character: There is no ∞ in font nullfont!
Missing character: There is no — in font nullfont!
Missing character: There is no Ä in font nullfont!
Missing character: There is no – in font nullfont!
Missing character: There is no Ω in font nullfont!
Missing character: There is no — in font nullfont!
Missing character: There is no ã in font nullfont!
Missing character: There is no – in font nullfont!
Missing character: There is no π in font nullfont!
Missing character: There is no — in font nullfont!
Missing character: There is no É in font nullfont!
Missing character: There is no – in font nullfont!
Missing character: There is no Ω in font nullfont!
Missing character: There is no – in font nullfont!
Missing character: There is no ∏ in font nullfont!
Missing character: There is no – in font nullfont!
Missing character: There is no ≤ in font nullfont!
Missing character: There is no – in font nullfont!
Missing character: There is no µ in font nullfont!
Missing character: There is no — in font nullfont!
Missing character: There is no Ä in font nullfont!
Missing character: There is no — in font nullfont!
Missing character: There is no Å in font nullfont!
Missing character: There is no – in font nullfont!
Missing character: There is no ∏ in font nullfont!
Missing character: There is no — in font nullfont!
Missing character: There is no Ç in font nullfont!
Missing character: There is no – in font nullfont!
Missing character: There is no µ in font nullfont!
Missing character: There is no — in font nullfont!
Missing character: There is no Ç in font nullfont!
Missing character: There is no — in font nullfont!
Missing character: There is no Ñ in font nullfont!
Missing character: There is no – in font nullfont!
Missing character: There is no ∞ in font nullfont!
Missing character: There is no – in font nullfont!
Missing character: There is no ∫ in font nullfont!
Missing character: There is no — in font nullfont!
Missing character: There is no É in font nullfont!
Missing character: There is no – in font nullfont!
Missing character: There is no ª in font nullfont!
Missing character: There is no — in font nullfont!
Missing character: There is no å in font nullfont!
Missing character: There is no — in font nullfont!
Missing character: There is no Ç in font nullfont!
Missing character: There is no – in font nullfont!
Missing character: There is no µ in font nullfont!
Missing character: There is no — in font nullfont!
Missing character: There is no Ç in font nullfont!
Missing character: There is no – in font nullfont!
Missing character: There is no ∏ in font nullfont!
Missing character: There is no – in font nullfont!
Missing character: There is no Ω in font nullfont!
Missing character: There is no — in font nullfont!
Missing character: There is no Ñ in font nullfont!
Missing character: There is no – in font nullfont!
Missing character: There is no æ in font nullfont!
Missing character: There is no — in font nullfont!
Missing character: There is no Ä in font nullfont!
Missing character: There is no – in font nullfont!
Missing character: There is no º in font nullfont!
Missing character: There is no – in font nullfont!
Missing character: There is no ∞ in font nullfont!
Missing character: There is no — in font nullfont!
Missing character: There is no Ç in font nullfont!
Missing character: There is no – in font nullfont!
Missing character: There is no ∏ in font nullfont!
Missing character: There is no – in font nullfont!
Missing character: There is no ∫ in font nullfont!
Missing character: There is no – in font nullfont!
Missing character: There is no ∏ in font nullfont!
Missing character: There is no – in font nullfont!
Missing character: There is no ∏ in font nullfont!
Missing character: There is no – in font nullfont!
Missing character: There is no ø in font nullfont!
Missing character: There is no — in font nullfont!
Missing character: There is no Ä in font nullfont!
Missing character: There is no – in font nullfont!
Missing character: There is no ∏ in font nullfont!
Missing character: There is no – in font nullfont!
Missing character: There is no ∫ in font nullfont!
Missing character: There is no – in font nullfont!
Missing character: There is no ª in font nullfont!
Missing character: There is no – in font nullfont!
Missing character: There is no ∞ in font nullfont!
Missing character: There is no – in font nullfont!
Missing character: There is no ¥ in font nullfont!
Missing character: There is no – in font nullfont!
Missing character: There is no Ω in font nullfont!
Missing character: There is no – in font nullfont!
Missing character: There is no æ in font nullfont!
Missing character: There is no – in font nullfont!
Missing character: There is no π in font nullfont!
Missing character: There is no – in font nullfont!
Missing character: There is no º in font nullfont!
Missing character: There is no – in font nullfont!
Missing character: There is no ∞ in font nullfont!
Missing character: There is no — in font nullfont!
Missing character: There is no Ç in font nullfont!
Missing character: There is no – in font nullfont!
Missing character: There is no µ in font nullfont!
Missing character: There is no – in font nullfont!
Missing character: There is no º in font nullfont!
Missing character: There is no – in font nullfont!
Missing character: There is no ∞ in font nullfont!
Missing character: There is no — in font nullfont!
Missing character: There is no Ç in font nullfont!
Missing character: There is no – in font nullfont!
Missing character: There is no ∏ in font nullfont!
Missing character: There is no – in font nullfont!
Missing character: There is no ∫ in font nullfont!
Missing character: There is no – in font nullfont!
Missing character: There is no ∏ in font nullfont!
Missing character: There is no – in font nullfont!
Missing character: There is no ö in font nullfont!
Missing character: There is no – in font nullfont!
Missing character: There is no ê in font nullfont!
Missing character: There is no – in font nullfont!
Missing character: There is no § in font nullfont!
Missing character: There is no – in font nullfont!
Missing character: There is no ï in font nullfont!
Missing character: There is no – in font nullfont!
Missing character: There is no î in font nullfont!
Missing character: There is no – in font nullfont!
Missing character: There is no † in font nullfont!
Missing character: There is no – in font nullfont!
Missing character: There is no ê in font nullfont!
Missing character: There is no – in font nullfont!
Missing character: There is no ∏ in font nullfont!
Missing character: There is no – in font nullfont!
Missing character: There is no Ω in font nullfont!
Missing character: There is no — in font nullfont!
Missing character: There is no Ñ in font nullfont!
Missing character: There is no – in font nullfont!
Missing character: There is no æ in font nullfont!
Missing character: There is no — in font nullfont!
Missing character: There is no Ä in font nullfont!
Missing character: There is no – in font nullfont!
Missing character: There is no º in font nullfont!
Missing character: There is no – in font nullfont!
Missing character: There is no ∞ in font nullfont!
Missing character: There is no — in font nullfont!
Missing character: There is no Ç in font nullfont!
Missing character: There is no – in font nullfont!
Missing character: There is no ∏ in font nullfont!
Missing character: There is no – in font nullfont!
Missing character: There is no ∫ in font nullfont!
Missing character: There is no – in font nullfont!
Missing character: There is no ∏ in font nullfont!

Overfull \hbox (20.0pt too wide) in paragraph at lines 15--15
[] 
 []

! Undefined control sequence.
l.16 \Large
            –ü–æ—è—Å–Ω–∏—Ç–µ–ª—å–Ω–∞—è –∑–∞–ø–∏—Å–∫–∞ \\ –∫ –¥–∏–ø–ª–æ–º–Ω–æ...
The control sequence at the end of the top line
of your error message was never \def'ed. If you have
misspelled it (e.g., `\hobx'), type `I' and the correct
spelling (e.g., `I\hbox'). Otherwise just continue,
and I'll forget about whatever was undefined.

Missing character: There is no – in font nullfont!
Missing character: There is no ü in font nullfont!
Missing character: There is no – in font nullfont!
Missing character: There is no æ in font nullfont!
Missing character: There is no — in font nullfont!
Missing character: There is no è in font nullfont!
Missing character: There is no — in font nullfont!
Missing character: There is no Å in font nullfont!
Missing character: There is no – in font nullfont!
Missing character: There is no Ω in font nullfont!
Missing character: There is no – in font nullfont!
Missing character: There is no ∏ in font nullfont!
Missing character: There is no — in font nullfont!
Missing character: There is no Ç in font nullfont!
Missing character: There is no – in font nullfont!
Missing character: There is no µ in font nullfont!
Missing character: There is no – in font nullfont!
Missing character: There is no ª in font nullfont!
Missing character: There is no — in font nullfont!
Missing character: There is no å in font nullfont!
Missing character: There is no – in font nullfont!
Missing character: There is no Ω in font nullfont!
Missing character: There is no – in font nullfont!
Missing character: There is no ∞ in font nullfont!
Missing character: There is no — in font nullfont!
Missing character: There is no è in font nullfont!
Missing character: There is no – in font nullfont!
Missing character: There is no ∑ in font nullfont!
Missing character: There is no – in font nullfont!
Missing character: There is no ∞ in font nullfont!
Missing character: There is no – in font nullfont!
Missing character: There is no ø in font nullfont!
Missing character: There is no – in font nullfont!
Missing character: There is no ∏ in font nullfont!
Missing character: There is no — in font nullfont!
Missing character: There is no Å in font nullfont!
Missing character: There is no – in font nullfont!
Missing character: There is no ∫ in font nullfont!
Missing character: There is no – in font nullfont!
Missing character: There is no ∞ in font nullfont!
Missing character: There is no – in font nullfont!
Missing character: There is no ∫ in font nullfont!
Missing character: There is no – in font nullfont!
Missing character: There is no ¥ in font nullfont!
Missing character: There is no – in font nullfont!
Missing character: There is no ∏ in font nullfont!
Missing character: There is no – in font nullfont!
Missing character: There is no ø in font nullfont!
Missing character: There is no – in font nullfont!
Missing character: There is no ª in font nullfont!
Missing character: There is no – in font nullfont!
Missing character: There is no æ in font nullfont!
Missing character: There is no – in font nullfont!
Missing character: There is no º in font nullfont!
Missing character: There is no – in font nullfont!
Missing character: There is no Ω in font nullfont!
Missing character: There is no – in font nullfont!
Missing character: There is no æ in font nullfont!
Missing character: There is no – in font nullfont!
Missing character: There is no º in font nullfont!
Missing character: There is no — in font nullfont!
Missing character: There is no É in font nullfont!
Missing character: There is no – in font nullfont!
Missing character: There is no ø in font nullfont!
Missing character: There is no — in font nullfont!
Missing character: There is no Ä in font nullfont!
Missing character: There is no – in font nullfont!
Missing character: There is no æ in font nullfont!
Missing character: There is no – in font nullfont!
Missing character: There is no µ in font nullfont!
Missing character: There is no – in font nullfont!
Missing character: There is no ∫ in font nullfont!
Missing character: There is no — in font nullfont!
Missing character: There is no Ç in font nullfont!
Missing character: There is no — in font nullfont!
Missing character: There is no É in font nullfont!
Missing character: There is no – in font nullfont!
Missing character: There is no Ω in font nullfont!
Missing character: There is no – in font nullfont!
Missing character: There is no ∞ in font nullfont!
Missing character: There is no — in font nullfont!
Missing character: There is no Ç in font nullfont!
Missing character: There is no – in font nullfont!
Missing character: There is no µ in font nullfont!
Missing character: There is no – in font nullfont!
Missing character: There is no º in font nullfont!
Missing character: There is no — in font nullfont!
Missing character: There is no É in font nullfont!
Missing character: There is no : in font nullfont!

Overfull \hbox (20.0pt too wide) in paragraph at lines 21--21
[] 
 []


LaTeX Font Warning: Font shape `OT1/cmr/bx/sc' undefined
(Font)              using `OT1/cmr/bx/n' instead on input line 22.

Missing character: There is no – in font cmbx10!
Missing character: There is no û in font cmbx10!
Missing character: There is no — in font cmbx10!
Missing character: There is no Ü in font cmbx10!
Missing character: There is no – in font cmbx10!
Missing character: There is no µ in font cmbx10!
Missing character: There is no – in font cmbx10!
Missing character: There is no Ω in font cmbx10!
Missing character: There is no – in font cmbx10!
Missing character: There is no ∫ in font cmbx10!
Missing character: There is no – in font cmbx10!
Missing character: There is no ∞ in font cmbx10!
Missing character: There is no – in font cmbx10!
Missing character: There is no ∑ in font cmbx10!
Missing character: There is no – in font cmbx10!
Missing character: There is no ∞ in font cmbx10!
Missing character: There is no — in font cmbx10!
Missing character: There is no â in font cmbx10!
Missing character: There is no – in font cmbx10!
Missing character: There is no ∏ in font cmbx10!
Missing character: There is no — in font cmbx10!
Missing character: There is no â in font cmbx10!
Missing character: There is no – in font cmbx10!
Missing character: There is no µ in font cmbx10!
Missing character: There is no – in font cmbx10!
Missing character: There is no Ω in font cmbx10!
Missing character: There is no – in font cmbx10!
Missing character: There is no Ω in font cmbx10!
Missing character: There is no – in font cmbx10!
Missing character: There is no æ in font cmbx10!
Missing character: There is no — in font cmbx10!
Missing character: There is no Å in font cmbx10!
Missing character: There is no — in font cmbx10!
Missing character: There is no Ç in font cmbx10!
Missing character: There is no – in font cmbx10!
Missing character: There is no ∏ in font cmbx10!
Missing character: There is no – in font cmbx10!
Missing character: There is no ø in font cmbx10!
Missing character: There is no – in font cmbx10!
Missing character: There is no µ in font cmbx10!
Missing character: There is no — in font cmbx10!
Missing character: There is no Ä in font cmbx10!
Missing character: There is no — in font cmbx10!
Missing character: There is no Å in font cmbx10!
Missing character: There is no – in font cmbx10!
Missing character: There is no æ in font cmbx10!
Missing character: There is no – in font cmbx10!
Missing character: There is no Ω in font cmbx10!
Missing character: There is no – in font cmbx10!
Missing character: There is no ∞ in font cmbx10!
Missing character: There is no – in font cmbx10!
Missing character: There is no ª in font cmbx10!
Missing character: There is no — in font cmbx10!
Missing character: There is no å in font cmbx10!
Missing character: There is no – in font cmbx10!
Missing character: There is no Ω in font cmbx10!
Missing character: There is no — in font cmbx10!
Missing character: There is no ã in font cmbx10!
Missing character: There is no — in font cmbx10!
Missing character: There is no Ö in font cmbx10!
Missing character: There is no – in font cmbx10!
Missing character: There is no ¥ in font cmbx10!
Missing character: There is no – in font cmbx10!
Missing character: There is no ∞ in font cmbx10!
Missing character: There is no – in font cmbx10!
Missing character: There is no Ω in font cmbx10!
Missing character: There is no – in font cmbx10!
Missing character: There is no Ω in font cmbx10!
Missing character: There is no — in font cmbx10!
Missing character: There is no ã in font cmbx10!
Missing character: There is no — in font cmbx10!
Missing character: There is no Ö in font cmbx10!
Missing character: There is no – in font cmbx10!
Missing character: There is no ø in font cmbx10!
Missing character: There is no – in font cmbx10!
Missing character: There is no æ in font cmbx10!
Missing character: There is no – in font cmbx10!
Missing character: There is no ª in font cmbx10!
Missing character: There is no — in font cmbx10!
Missing character: There is no å in font cmbx10!
Missing character: There is no – in font cmbx10!
Missing character: There is no ∑ in font cmbx10!
Missing character: There is no – in font cmbx10!
Missing character: There is no æ in font cmbx10!
Missing character: There is no – in font cmbx10!
Missing character: There is no ≤ in font cmbx10!
Missing character: There is no – in font cmbx10!
Missing character: There is no ∞ in font cmbx10!
Missing character: There is no — in font cmbx10!
Missing character: There is no Ç in font cmbx10!
Missing character: There is no – in font cmbx10!
Missing character: There is no µ in font cmbx10!
Missing character: There is no – in font cmbx10!
Missing character: There is no ª in font cmbx10!
Missing character: There is no — in font cmbx10!
Missing character: There is no è in font cmbx10!
Missing character: There is no – in font cmbx10!
Missing character: There is no Ω in font cmbx10!
Missing character: There is no – in font cmbx10!
Missing character: There is no ∞ in font cmbx10!
Missing character: There is no – in font cmbx10!
Missing character: There is no æ in font cmbx10!
Missing character: There is no — in font cmbx10!
Missing character: There is no Å in font cmbx10!
Missing character: There is no – in font cmbx10!
Missing character: There is no Ω in font cmbx10!
Missing character: There is no – in font cmbx10!
Missing character: There is no æ in font cmbx10!
Missing character: There is no – in font cmbx10!
Missing character: There is no ≤ in font cmbx10!
Missing character: There is no – in font cmbx10!
Missing character: There is no µ in font cmbx10!
Missing character: There is no – in font cmbx10!
Missing character: There is no µ in font cmbx10!
Missing character: There is no – in font cmbx10!
Missing character: There is no ≥ in font cmbx10!
Missing character: There is no – in font cmbx10!
Missing character: There is no æ in font cmbx10!
Missing character: There is no – in font cmbx10!
Missing character: There is no ∞ in font cmbx10!
Missing character: There is no – in font cmbx10!
Missing character: There is no ∫ in font cmbx10!
Missing character: There is no — in font cmbx10!
Missing character: There is no Ç in font cmbx10!
Missing character: There is no – in font cmbx10!
Missing character: There is no ∏ in font cmbx10!
Missing character: There is no – in font cmbx10!
Missing character: There is no ≤ in font cmbx10!
Missing character: There is no – in font cmbx10!
Missing character: There is no Ω in font cmbx10!
Missing character: There is no – in font cmbx10!
Missing character: There is no æ in font cmbx10!
Missing character: There is no — in font cmbx10!
Missing character: There is no Å in font cmbx10!
Missing character: There is no — in font cmbx10!
Missing character: There is no Ç in font cmbx10!
Missing character: There is no – in font cmbx10!
Missing character: There is no ∏ in font cmbx10!
Missing character: There is no – in font cmbx10!
Missing character: There is no ≤ in font cmbx10!
Missing character: There is no — in font cmbx10!
Missing character: There is no Å in font cmbx10!
Missing character: There is no – in font cmbx10!
Missing character: There is no æ in font cmbx10!
Missing character: There is no — in font cmbx10!
Missing character: There is no Ü in font cmbx10!
Missing character: There is no – in font cmbx10!
Missing character: There is no ∏ in font cmbx10!
Missing character: There is no – in font cmbx10!
Missing character: There is no ∞ in font cmbx10!
Missing character: There is no – in font cmbx10!
Missing character: There is no ª in font cmbx10!
Missing character: There is no — in font cmbx10!
Missing character: There is no å in font cmbx10!
Missing character: There is no – in font cmbx10!
Missing character: There is no Ω in font cmbx10!
Missing character: There is no — in font cmbx10!
Missing character: There is no ã in font cmbx10!
Missing character: There is no — in font cmbx10!
Missing character: There is no Ö in font cmbx10!
Missing character: There is no — in font cmbx10!
Missing character: There is no Å in font cmbx10!
Missing character: There is no – in font cmbx10!
Missing character: There is no µ in font cmbx10!
Missing character: There is no — in font cmbx10!
Missing character: There is no Ç in font cmbx10!
Missing character: There is no — in font cmbx10!
Missing character: There is no è in font cmbx10!
Missing character: There is no — in font cmbx10!
Missing character: There is no Ö in font cmbx10!

Overfull \hbox (20.0pt too wide) in paragraph at lines 27--27
[] 
 []

Missing character: There is no – in font nullfont!
Missing character: There is no ° in font nullfont!
Missing character: There is no — in font nullfont!
Missing character: There is no Ç in font nullfont!
Missing character: There is no — in font nullfont!
Missing character: There is no É in font nullfont!
Missing character: There is no – in font nullfont!
Missing character: There is no ¥ in font nullfont!
Missing character: There is no – in font nullfont!
Missing character: There is no µ in font nullfont!
Missing character: There is no – in font nullfont!
Missing character: There is no Ω in font nullfont!
Missing character: There is no — in font nullfont!
Missing character: There is no Ç in font nullfont!
Missing character: There is no - in font nullfont!
Missing character: There is no - in font nullfont!
Missing character: There is no – in font nullfont!
Missing character: There is no ¥ in font nullfont!
Missing character: There is no – in font nullfont!
Missing character: There is no ∏ in font nullfont!
Missing character: There is no – in font nullfont!
Missing character: There is no ø in font nullfont!
Missing character: There is no – in font nullfont!
Missing character: There is no ª in font nullfont!
Missing character: There is no – in font nullfont!
Missing character: There is no æ in font nullfont!
Missing character: There is no – in font nullfont!
Missing character: There is no º in font nullfont!
Missing character: There is no – in font nullfont!
Missing character: There is no Ω in font nullfont!
Missing character: There is no – in font nullfont!
Missing character: There is no ∏ in font nullfont!
Missing character: There is no – in font nullfont!
Missing character: There is no ∫ in font nullfont!
Missing character: There is no – in font nullfont!
Missing character: There is no î in font nullfont!
Missing character: There is no – in font nullfont!
Missing character: There is no æ in font nullfont!
Missing character: There is no – in font nullfont!
Missing character: There is no ≤ in font nullfont!
Missing character: There is no – in font nullfont!
Missing character: There is no Ω in font nullfont!
Missing character: There is no – in font nullfont!
Missing character: There is no ∞ in font nullfont!
Missing character: There is no — in font nullfont!
Missing character: There is no Ä in font nullfont!
Missing character: There is no – in font nullfont!
Missing character: There is no í in font nullfont!
Missing character: There is no . in font nullfont!
Missing character: There is no – in font nullfont!
Missing character: There is no í in font nullfont!
Missing character: There is no . in font nullfont!
Missing character: There is no – in font nullfont!
Missing character: There is no ù in font nullfont!
Missing character: There is no – in font nullfont!
Missing character: There is no ∞ in font nullfont!
Missing character: There is no — in font nullfont!
Missing character: There is no É in font nullfont!
Missing character: There is no — in font nullfont!
Missing character: There is no á in font nullfont!
Missing character: There is no – in font nullfont!
Missing character: There is no Ω in font nullfont!
Missing character: There is no — in font nullfont!
Missing character: There is no ã in font nullfont!
Missing character: There is no – in font nullfont!
Missing character: There is no π in font nullfont!
Missing character: There is no — in font nullfont!
Missing character: There is no Ä in font nullfont!
Missing character: There is no — in font nullfont!
Missing character: There is no É in font nullfont!
Missing character: There is no – in font nullfont!
Missing character: There is no ∫ in font nullfont!
Missing character: There is no – in font nullfont!
Missing character: There is no æ in font nullfont!
Missing character: There is no – in font nullfont!
Missing character: There is no ≤ in font nullfont!
Missing character: There is no – in font nullfont!
Missing character: There is no æ in font nullfont!
Missing character: There is no – in font nullfont!
Missing character: There is no ¥ in font nullfont!
Missing character: There is no – in font nullfont!
Missing character: There is no ∏ in font nullfont!
Missing character: There is no — in font nullfont!
Missing character: There is no Ç in font nullfont!
Missing character: There is no – in font nullfont!
Missing character: There is no µ in font nullfont!
Missing character: There is no – in font nullfont!
Missing character: There is no ª in font nullfont!
Missing character: There is no — in font nullfont!
Missing character: There is no å in font nullfont!
Missing character: There is no – in font nullfont!
Missing character: There is no ∫ in font nullfont!
Missing character: There is no . in font nullfont!
Missing character: There is no — in font nullfont!
Missing character: There is no Ç in font nullfont!
Missing character: There is no . in font nullfont!
Missing character: There is no – in font nullfont!
Missing character: There is no Ω in font nullfont!
Missing character: There is no . in font nullfont!
Missing character: There is no – in font nullfont!
Missing character: There is no ü in font nullfont!
Missing character: There is no — in font nullfont!
Missing character: There is no É in font nullfont!
Missing character: There is no — in font nullfont!
Missing character: There is no Ü in font nullfont!
Missing character: There is no – in font nullfont!
Missing character: There is no ∫ in font nullfont!
Missing character: There is no – in font nullfont!
Missing character: There is no æ in font nullfont!
Missing character: There is no – in font nullfont!
Missing character: There is no ù in font nullfont!
Missing character: There is no . in font nullfont!
Missing character: There is no – in font nullfont!
Missing character: There is no ù in font nullfont!
Missing character: There is no . in font nullfont!
Missing character: There is no – in font nullfont!
Missing character: There is no † in font nullfont!
Missing character: There is no – in font nullfont!
Missing character: There is no µ in font nullfont!
Missing character: There is no — in font nullfont!
Missing character: There is no Ü in font nullfont!
Missing character: There is no – in font nullfont!
Missing character: There is no µ in font nullfont!
Missing character: There is no – in font nullfont!
Missing character: There is no Ω in font nullfont!
Missing character: There is no – in font nullfont!
Missing character: There is no ∑ in font nullfont!
Missing character: There is no – in font nullfont!
Missing character: There is no µ in font nullfont!
Missing character: There is no – in font nullfont!
Missing character: There is no Ω in font nullfont!
Missing character: There is no — in font nullfont!
Missing character: There is no Ç in font nullfont!
Missing character: There is no – in font nullfont!
Missing character: There is no ∫ in font nullfont!
Missing character: There is no . in font nullfont!
Missing character: There is no — in font nullfont!
Missing character: There is no Ñ in font nullfont!
Missing character: There is no . in font nullfont!
Missing character: There is no - in font nullfont!
Missing character: There is no – in font nullfont!
Missing character: There is no º in font nullfont!
Missing character: There is no . in font nullfont!
Missing character: There is no – in font nullfont!
Missing character: There is no Ω in font nullfont!
Missing character: There is no . in font nullfont!
Missing character: There is no , in font nullfont!
Missing character: There is no – in font nullfont!
Missing character: There is no ≤ in font nullfont!
Missing character: There is no . in font nullfont!
Missing character: There is no – in font nullfont!
Missing character: There is no Ω in font nullfont!
Missing character: There is no . in font nullfont!
Missing character: There is no — in font nullfont!
Missing character: There is no Å in font nullfont!
Missing character: There is no . in font nullfont!
Missing character: There is no – in font nullfont!
Missing character: There is no ê in font nullfont!
Missing character: There is no – in font nullfont!
Missing character: There is no ë in font nullfont!
Missing character: There is no – in font nullfont!
Missing character: There is no í in font nullfont!
Missing character: There is no – in font nullfont!
Missing character: There is no ì in font nullfont!
Missing character: There is no – in font nullfont!
Missing character: There is no ü in font nullfont!
Missing character: There is no – in font nullfont!
Missing character: There is no µ in font nullfont!
Missing character: There is no — in font nullfont!
Missing character: There is no Ç in font nullfont!
Missing character: There is no — in font nullfont!
Missing character: There is no Ä in font nullfont!
Missing character: There is no – in font nullfont!
Missing character: There is no æ in font nullfont!
Missing character: There is no – in font nullfont!
Missing character: There is no ≤ in font nullfont!
Missing character: There is no – in font nullfont!
Missing character: There is no í in font nullfont!
Missing character: There is no . in font nullfont!
Missing character: There is no – in font nullfont!
Missing character: There is no í in font nullfont!
Missing character: There is no . in font nullfont!
Missing character: There is no – in font nullfont!
Missing character: There is no ó in font nullfont!
Missing character: There is no – in font nullfont!
Missing character: There is no ∞ in font nullfont!
Missing character: There is no – in font nullfont!
Missing character: There is no ≤ in font nullfont!
Missing character: There is no . in font nullfont!
Missing character: There is no – in font nullfont!
Missing character: There is no ∫ in font nullfont!
Missing character: There is no – in font nullfont!
Missing character: There is no ∞ in font nullfont!
Missing character: There is no — in font nullfont!
Missing character: There is no Ñ in font nullfont!
Missing character: There is no – in font nullfont!
Missing character: There is no µ in font nullfont!
Missing character: There is no – in font nullfont!
Missing character: There is no ¥ in font nullfont!
Missing character: There is no — in font nullfont!
Missing character: There is no Ä in font nullfont!
Missing character: There is no – in font nullfont!
Missing character: There is no æ in font nullfont!
Missing character: There is no – in font nullfont!
Missing character: There is no π in font nullfont!
Missing character: There is no – in font nullfont!
Missing character: There is no ∏ in font nullfont!
Missing character: There is no – in font nullfont!
Missing character: There is no Ω in font nullfont!
Missing character: There is no — in font nullfont!
Missing character: There is no Ñ in font nullfont!
Missing character: There is no – in font nullfont!
Missing character: There is no æ in font nullfont!
Missing character: There is no — in font nullfont!
Missing character: There is no Ä in font nullfont!
Missing character: There is no – in font nullfont!
Missing character: There is no º in font nullfont!
Missing character: There is no – in font nullfont!
Missing character: There is no ∞ in font nullfont!
Missing character: There is no — in font nullfont!
Missing character: There is no Ç in font nullfont!
Missing character: There is no – in font nullfont!
Missing character: There is no ∏ in font nullfont!
Missing character: There is no – in font nullfont!
Missing character: There is no ∫ in font nullfont!
Missing character: There is no – in font nullfont!
Missing character: There is no ∏ in font nullfont!
Missing character: There is no – in font nullfont!
Missing character: There is no ¥ in font nullfont!
Missing character: There is no . in font nullfont!
Missing character: There is no — in font nullfont!
Missing character: There is no Ñ in font nullfont!
Missing character: There is no - in font nullfont!
Missing character: There is no – in font nullfont!
Missing character: There is no º in font nullfont!
Missing character: There is no . in font nullfont!
Missing character: There is no – in font nullfont!
Missing character: There is no Ω in font nullfont!
Missing character: There is no ? in font nullfont!
Missing character: There is no ? in font nullfont!
Missing character: There is no ? in font nullfont!
Missing character: There is no , in font nullfont!
Missing character: There is no – in font nullfont!
Missing character: There is no ø in font nullfont!
Missing character: There is no — in font nullfont!
Missing character: There is no Ä in font nullfont!
Missing character: There is no – in font nullfont!
Missing character: There is no æ in font nullfont!
Missing character: There is no — in font nullfont!
Missing character: There is no Ñ in font nullfont!
Missing character: There is no – in font nullfont!
Missing character: There is no µ in font nullfont!
Missing character: There is no — in font nullfont!
Missing character: There is no Å in font nullfont!
Missing character: There is no — in font nullfont!
Missing character: There is no Å in font nullfont!
Missing character: There is no – in font nullfont!
Missing character: There is no æ in font nullfont!
Missing character: There is no — in font nullfont!
Missing character: There is no Ä in font nullfont!
Missing character: There is no ? in font nullfont!
Missing character: There is no – in font nullfont!
Missing character: There is no ° in font nullfont!
Missing character: There is no – in font nullfont!
Missing character: There is no æ in font nullfont!
Missing character: There is no – in font nullfont!
Missing character: There is no ª in font nullfont!
Missing character: There is no – in font nullfont!
Missing character: There is no æ in font nullfont!
Missing character: There is no – in font nullfont!
Missing character: There is no ≤ in font nullfont!
Missing character: There is no — in font nullfont!
Missing character: There is no å in font nullfont!
Missing character: There is no – in font nullfont!
Missing character: There is no µ in font nullfont!
Missing character: There is no – in font nullfont!
Missing character: There is no ≤ in font nullfont!
Missing character: There is no – in font nullfont!
Missing character: There is no í in font nullfont!
Missing character: There is no . in font nullfont!
Missing character: There is no – in font nullfont!
Missing character: There is no ü in font nullfont!
Missing character: There is no . in font nullfont!

Overfull \hbox (20.0pt too wide) in paragraph at lines 42--42
[] 
 []

Missing character: There is no – in font nullfont!
Missing character: There is no ú in font nullfont!
Missing character: There is no – in font nullfont!
Missing character: There is no æ in font nullfont!
Missing character: There is no — in font nullfont!
Missing character: There is no Å in font nullfont!
Missing character: There is no – in font nullfont!
Missing character: There is no ∫ in font nullfont!
Missing character: There is no – in font nullfont!
Missing character: There is no ≤ in font nullfont!
Missing character: There is no – in font nullfont!
Missing character: There is no ∞ in font nullfont!
Missing character: There is no 2 in font nullfont!
Missing character: There is no 0 in font nullfont!
Missing character: There is no 1 in font nullfont!
Missing character: There is no 4 in font nullfont!

! LaTeX Error: \begin{document} ended by \end{titlepage}.

See the LaTeX manual or LaTeX Companion for explanation.
Type  H <return>  for immediate help.
 ...                                              
                                                  
l.45 \end{titlepage}
                    
Your command was ignored.
Type  I <command> <return>  to replace it with another command,
or  <return>  to continue without it.

)
! Emergency stop.
<*> title.tex
             
*** (job aborted, no legal \end found)

 
Here is how much of TeX's memory you used:
 13 strings out of 494518
 217 string characters out of 6173752
 49843 words of memory out of 5000000
 3330 multiletter control sequences out of 15000+600000
 4249 words of font info for 16 fonts, out of 8000000 for 9000
 430 hyphenation exceptions out of 8191
 16i,1n,11p,228b,187s stack positions out of 5000i,500n,10000p,200000b,80000s
!  ==> Fatal error occurred, no output PDF file produced!
